# JRE version: OpenJDK Runtime Environment Corretto-17.0.14.7.1 (17.0.14+7) (build 17.0.14+7-LTS)
# Java VM: OpenJDK 64-Bit Server VM Corretto-17.0.14.7.1 (17.0.14+7-LTS, mixed mode, sharing, tiered, compressed oops, compressed class ptrs, g1 gc, linux-amd64)
GC Precious Log:
 CPUs: 32 total, 12 available
 Memory: 15910M
 Large Page Support: Disabled
 NUMA Support: Disabled
 Compressed Oops: Enabled (Zero based)
 Heap Region Size: 2M
 Heap Min Capacity: 8M
 Heap Initial Capacity: 250M
 Heap Max Capacity: 3978M
 Pre-touch: Disabled
 Parallel Workers: 10
 Concurrent Workers: 3
 Concurrent Refinement Workers: 10
 Periodic GC: Disabled
Heap:
 garbage-first heap   total 55296K, used 37795K [0x0000000707600000, 0x0000000800000000)
  region size 2048K, 7 young (14336K), 1 survivors (2048K)
 Metaspace       used 31836K, committed 32064K, reserved 1114112K
  class space    used 4309K, committed 4416K, reserved 1048576K
GC Heap History (11 events):
Event: 0.410 GC heap before
{Heap before GC invocations=0 (full 0):
 garbage-first heap   total 260096K, used 24496K [0x0000000707600000, 0x0000000800000000)
  region size 2048K, 11 young (22528K), 0 survivors (0K)
 Metaspace       used 8154K, committed 8384K, reserved 1114112K
  class space    used 959K, committed 1088K, reserved 1048576K
}
Event: 0.412 GC heap after
{Heap after GC invocations=1 (full 0):
 garbage-first heap   total 260096K, used 6064K [0x0000000707600000, 0x0000000800000000)
  region size 2048K, 2 young (4096K), 2 survivors (4096K)
 Metaspace       used 8154K, committed 8384K, reserved 1114112K
  class space    used 959K, committed 1088K, reserved 1048576K
}
Event: 0.959 GC heap before
{Heap before GC invocations=1 (full 0):
 garbage-first heap   total 260096K, used 38832K [0x0000000707600000, 0x0000000800000000)
  region size 2048K, 19 young (38912K), 2 survivors (4096K)
 Metaspace       used 21247K, committed 21504K, reserved 1114112K
  class space    used 2720K, committed 2880K, reserved 1048576K
}
Event: 0.967 GC heap after
{Heap after GC invocations=2 (full 0):
 garbage-first heap   total 260096K, used 11078K [0x0000000707600000, 0x0000000800000000)
  region size 2048K, 3 young (6144K), 3 survivors (6144K)
 Metaspace       used 21247K, committed 21504K, reserved 1114112K
  class space    used 2720K, committed 2880K, reserved 1048576K
}
Event: 1.415 GC heap before
{Heap before GC invocations=3 (full 0):
 garbage-first heap   total 55296K, used 37702K [0x0000000707600000, 0x0000000800000000)
  region size 2048K, 13 young (26624K), 3 survivors (6144K)
 Metaspace       used 25606K, committed 25920K, reserved 1114112K
  class space    used 3508K, committed 3648K, reserved 1048576K
}
Event: 1.420 GC heap after
{Heap after GC invocations=4 (full 0):
 garbage-first heap   total 55296K, used 21241K [0x0000000707600000, 0x0000000800000000)
  region size 2048K, 4 young (8192K), 4 survivors (8192K)
 Metaspace       used 25606K, committed 25920K, reserved 1114112K
  class space    used 3508K, committed 3648K, reserved 1048576K
}
Event: 21.782 GC heap before
{Heap before GC invocations=4 (full 0):
 garbage-first heap   total 55296K, used 33529K [0x0000000707600000, 0x0000000800000000)
  region size 2048K, 11 young (22528K), 4 survivors (8192K)
 Metaspace       used 28868K, committed 29184K, reserved 1114112K
  class space    used 3899K, committed 4032K, reserved 1048576K
}
Event: 21.786 GC heap after
{Heap after GC invocations=5 (full 0):
 garbage-first heap   total 55296K, used 22957K [0x0000000707600000, 0x0000000800000000)
  region size 2048K, 2 young (4096K), 2 survivors (4096K)
 Metaspace       used 28868K, committed 29184K, reserved 1114112K
  class space    used 3899K, committed 4032K, reserved 1048576K
}
Event: 21.929 GC heap before
{Heap before GC invocations=5 (full 0):
 garbage-first heap   total 55296K, used 37293K [0x0000000707600000, 0x0000000800000000)
  region size 2048K, 9 young (18432K), 2 survivors (4096K)
 Metaspace       used 30800K, committed 31040K, reserved 1114112K
  class space    used 4291K, committed 4416K, reserved 1048576K
}
Event: 21.932 GC heap after
{Heap after GC invocations=6 (full 0):
 garbage-first heap   total 55296K, used 25514K [0x0000000707600000, 0x0000000800000000)
  region size 2048K, 2 young (4096K), 2 survivors (4096K)
 Metaspace       used 30800K, committed 31040K, reserved 1114112K
  class space    used 4291K, committed 4416K, reserved 1048576K
}
Event: 47.560 GC heap before
{Heap before GC invocations=6 (full 0):
 garbage-first heap   total 55296K, used 35754K [0x0000000707600000, 0x0000000800000000)
  region size 2048K, 8 young (16384K), 2 survivors (4096K)
 Metaspace       used 31836K, committed 32064K, reserved 1114112K
  class space    used 4309K, committed 4416K, reserved 1048576K
}

